mode: set
github.com/dmarro89/dare-db/database/db.go:16.30,20.2 1 1
github.com/dmarro89/dare-db/database/db.go:22.49,27.2 3 1
github.com/dmarro89/dare-db/database/db.go:29.62,34.2 3 1
github.com/dmarro89/dare-db/database/db.go:36.46,41.2 3 1
github.com/dmarro89/dare-db/server/server.go:17.47,21.2 1 1
github.com/dmarro89/dare-db/server/server.go:23.71,25.15 2 1
github.com/dmarro89/dare-db/server/server.go:25.15,28.3 2 1
github.com/dmarro89/dare-db/server/server.go:30.2,31.16 2 1
github.com/dmarro89/dare-db/server/server.go:31.16,34.3 2 1
github.com/dmarro89/dare-db/server/server.go:36.2,37.16 2 1
github.com/dmarro89/dare-db/server/server.go:37.16,40.3 2 0
github.com/dmarro89/dare-db/server/server.go:42.2,43.19 2 1
github.com/dmarro89/dare-db/server/server.go:47.71,48.33 1 1
github.com/dmarro89/dare-db/server/server.go:48.33,51.3 2 1
github.com/dmarro89/dare-db/server/server.go:53.2,55.16 3 1
github.com/dmarro89/dare-db/server/server.go:55.16,58.3 2 1
github.com/dmarro89/dare-db/server/server.go:60.2,60.31 1 1
github.com/dmarro89/dare-db/server/server.go:60.31,62.17 2 1
github.com/dmarro89/dare-db/server/server.go:62.17,65.4 2 0
github.com/dmarro89/dare-db/server/server.go:68.2,68.35 1 1
github.com/dmarro89/dare-db/server/server.go:72.74,73.35 1 1
github.com/dmarro89/dare-db/server/server.go:73.35,76.3 2 1
github.com/dmarro89/dare-db/server/server.go:78.2,79.15 2 1
github.com/dmarro89/dare-db/server/server.go:79.15,82.3 2 1
github.com/dmarro89/dare-db/server/server.go:84.2,85.16 2 1
github.com/dmarro89/dare-db/server/server.go:85.16,88.3 2 0
github.com/dmarro89/dare-db/server/server.go:89.2,89.30 1 1
